<?xml version="1.0" encoding="UTF-8"?>
<testng-results skipped="0" failed="0" ignored="0" total="1" passed="1">
  <reporter-output>
  </reporter-output>
  <suite name="Default suite" duration-ms="12931" started-at="2019-04-13T22:34:01Z" finished-at="2019-04-13T22:34:14Z">
    <groups>
    </groups>
    <test name="Default test" duration-ms="12931" started-at="2019-04-13T22:34:01Z" finished-at="2019-04-13T22:34:14Z">
      <class name="test.tests.LoginTests">
        <test-method status="PASS" signature="loginPositiveTest()[pri:0, instance:test.tests.LoginTests@4c70fda8]" name="loginPositiveTest" duration-ms="12912" started-at="2019-04-13T22:34:01Z" description="001 - Login into application - Positive" finished-at="2019-04-13T22:34:14Z">
          <reporter-output>
          </reporter-output>
        </test-method> <!-- loginPositiveTest -->
      </class> <!-- test.tests.LoginTests -->
    </test> <!-- Default test -->
  </suite> <!-- Default suite -->
</testng-results>
